[debug] [2022-07-08T10:56:22.293Z] ----------------------------------------------------------------------
[debug] [2022-07-08T10:56:22.294Z] Command:       /usr/local/bin/node /usr/local/bin/firebase init
[debug] [2022-07-08T10:56:22.294Z] CLI Version:   11.2.1
[debug] [2022-07-08T10:56:22.295Z] Platform:      darwin
[debug] [2022-07-08T10:56:22.295Z] Node Version:  v16.13.1
[debug] [2022-07-08T10:56:22.296Z] Time:          Fri Jul 08 2022 16:56:22 GMT+0600 (Kyrgyzstan Time)
[debug] [2022-07-08T10:56:22.296Z] ----------------------------------------------------------------------
[debug] 
[debug] [2022-07-08T10:56:22.299Z] > command requires scopes: ["email","openid","https://www.googleapis.com/auth/cloudplatformprojects.readonly","https://www.googleapis.com/auth/firebase","https://www.googleapis.com/auth/cloud-platform"]
[debug] [2022-07-08T10:56:22.299Z] > authorizing via signed-in user (nursultanbegaliev1@gmail.com)
[info] 
     ######## #### ########  ######## ########     ###     ######  ########
     ##        ##  ##     ## ##       ##     ##  ##   ##  ##       ##
     ######    ##  ########  ######   ########  #########  ######  ######
     ##        ##  ##    ##  ##       ##     ## ##     ##       ## ##
     ##       #### ##     ## ######## ########  ##     ##  ######  ########

You're about to initialize a Firebase project in this directory:

  /Users/begaliev/Documents/Webdev/Discovery/Retro-Bar/retro-bar

[info] 
=== Project Setup
[info] 
[info] First, let's associate this project directory with a Firebase project.
[info] You can create multiple project aliases by running firebase use --add, 
[info] but for now we'll just set up a default project.
[info] 
